Using pre-set license
Built from '2022.3/staging' branch; Version is '2022.3.17f1 (4fc78088f837) revision 5228416'; Using compiler version '192829333'; Build Type 'Release'
OS: 'Windows 11  (10.0.22621) 64bit Professional' Language: 'en' Physical Memory: 16068 MB
BatchMode: 1, IsHumanControllingUs: 0, StartBugReporterOnCrash: 0, Is64bit: 1, IsPro: 1

COMMAND LINE ARGUMENTS:
C:\Program Files\Unity\Hub\Editor\2022.3.17f1\Editor\Unity.exe
-adb2
-batchMode
-noUpm
-name
AssetImportWorker1
-projectPath
C:/Users/reffe/Downloads/ASU/Semester 2/CPI 211/Game Jams/Ball-Dropper/Ball Dropper
-logFile
Logs/AssetImportWorker1.log
-srvPort
62402
Successfully changed project path to: C:/Users/reffe/Downloads/ASU/Semester 2/CPI 211/Game Jams/Ball-Dropper/Ball Dropper
C:/Users/reffe/Downloads/ASU/Semester 2/CPI 211/Game Jams/Ball-Dropper/Ball Dropper
[UnityMemory] Configuration Parameters - Can be set up in boot.config
    "memorysetup-bucket-allocator-granularity=16"
    "memorysetup-bucket-allocator-bucket-count=8"
    "memorysetup-bucket-allocator-block-size=33554432"
    "memorysetup-bucket-allocator-block-count=8"
    "memorysetup-main-allocator-block-size=16777216"
    "memorysetup-thread-allocator-block-size=16777216"
    "memorysetup-gfx-main-allocator-block-size=16777216"
    "memorysetup-gfx-thread-allocator-block-size=16777216"
    "memorysetup-cache-allocator-block-size=4194304"
    "memorysetup-typetree-allocator-block-size=2097152"
    "memorysetup-profiler-bucket-allocator-granularity=16"
    "memorysetup-profiler-bucket-allocator-bucket-count=8"
    "memorysetup-profiler-bucket-allocator-block-size=33554432"
    "memorysetup-profiler-bucket-allocator-block-count=8"
    "memorysetup-profiler-allocator-block-size=16777216"
    "memorysetup-profiler-editor-allocator-block-size=1048576"
    "memorysetup-temp-allocator-size-main=16777216"
    "memorysetup-job-temp-allocator-block-size=2097152"
    "memorysetup-job-temp-allocator-block-size-background=1048576"
    "memorysetup-job-temp-allocator-reduction-small-platforms=262144"
    "memorysetup-allocator-temp-initial-block-size-main=262144"
    "memorysetup-allocator-temp-initial-block-size-worker=262144"
    "memorysetup-temp-allocator-size-background-worker=32768"
    "memorysetup-temp-allocator-size-job-worker=262144"
    "memorysetup-temp-allocator-size-preload-manager=33554432"
    "memorysetup-temp-allocator-size-nav-mesh-worker=65536"
    "memorysetup-temp-allocator-size-audio-worker=65536"
    "memorysetup-temp-allocator-size-cloud-worker=32768"
    "memorysetup-temp-allocator-size-gi-baking-worker=262144"
    "memorysetup-temp-allocator-size-gfx=262144"
Player connection [14544] Host "[IP] 10.155.17.33 [Port] 0 [Flags] 2 [Guid] 307365650 [EditorId] 307365650 [Version] 1048832 [Id] WindowsEditor(7,MrSuperShark) [Debug] 1 [PackageName] WindowsEditor [ProjectName] Editor" joined multi-casting on [225.0.0.222:54997]...

Player connection [14544] Host "[IP] 10.155.17.33 [Port] 0 [Flags] 2 [Guid] 307365650 [EditorId] 307365650 [Version] 1048832 [Id] WindowsEditor(7,MrSuperShark) [Debug] 1 [PackageName] WindowsEditor [ProjectName] Editor" joined alternative multi-casting on [225.0.0.222:34997]...

[Physics::Module] Initialized MultithreadedJobDispatcher with 15 workers.
Refreshing native plugins compatible for Editor in 8.47 ms, found 3 plugins.
Preloading 0 native plugins for Editor in 0.00 ms.
Initialize engine version: 2022.3.17f1 (4fc78088f837)
[Subsystems] Discovering subsystems at path C:/Program Files/Unity/Hub/Editor/2022.3.17f1/Editor/Data/Resources/UnitySubsystems
[Subsystems] Discovering subsystems at path C:/Users/reffe/Downloads/ASU/Semester 2/CPI 211/Game Jams/Ball-Dropper/Ball Dropper/Assets
GfxDevice: creating device client; threaded=0; jobified=0
Direct3D:
    Version:  Direct3D 11.0 [level 11.1]
    Renderer: NVIDIA GeForce MX570 A (ID=0x25aa)
    Vendor:   NVIDIA
    VRAM:     1948 MB
    Driver:   31.0.15.4609
Initialize mono
Mono path[0] = 'C:/Program Files/Unity/Hub/Editor/2022.3.17f1/Editor/Data/Managed'
Mono path[1] = 'C:/Program Files/Unity/Hub/Editor/2022.3.17f1/Editor/Data/MonoBleedingEdge/lib/mono/unityjit-win32'
Mono config path = 'C:/Program Files/Unity/Hub/Editor/2022.3.17f1/Editor/Data/MonoBleedingEdge/etc'
Using monoOptions --debugger-agent=transport=dt_socket,embedding=1,server=y,suspend=n,address=127.0.0.1:56132
Begin MonoManager ReloadAssembly
Registering precompiled unity dll's ...
Register platform support module: C:/Program Files/Unity/Hub/Editor/2022.3.17f1/Editor/Data/PlaybackEngines/WebGLSupport/UnityEditor.WebGL.Extensions.dll
Register platform support module: C:/Program Files/Unity/Hub/Editor/2022.3.17f1/Editor/Data/PlaybackEngines/WindowsStandaloneSupport/UnityEditor.WindowsStandalone.Extensions.dll
Registered in 0.009809 seconds.
- Loaded All Assemblies, in  0.564 seconds
Native extension for WindowsStandalone target not found
Native extension for WebGL target not found
Mono: successfully reloaded assembly
- Finished resetting the current domain, in  0.464 seconds
Domain Reload Profiling: 1026ms
	BeginReloadAssembly (163ms)
		ExecutionOrderSort (0ms)
		DisableScriptedObjects (0ms)
		BackupInstance (0ms)
		ReleaseScriptingObjects (0ms)
		CreateAndSetChildDomain (1ms)
	RebuildCommonClasses (51ms)
	RebuildNativeTypeToScriptingClass (16ms)
	initialDomainReloadingComplete (87ms)
	LoadAllAssembliesAndSetupDomain (244ms)
		LoadAssemblies (160ms)
		RebuildTransferFunctionScriptingTraits (0ms)
		AnalyzeDomain (241ms)
			TypeCache.Refresh (239ms)
				TypeCache.ScanAssembly (216ms)
			ScanForSourceGeneratedMonoScriptInfo (1ms)
			ResolveRequiredComponents (1ms)
	FinalizeReload (465ms)
		ReleaseScriptCaches (0ms)
		RebuildScriptCaches (0ms)
		SetupLoadedEditorAssemblies (364ms)
			LogAssemblyErrors (0ms)
			InitializePlatformSupportModulesInManaged (16ms)
			SetLoadedEditorAssemblies (10ms)
			RefreshPlugins (0ms)
			BeforeProcessingInitializeOnLoad (4ms)
			ProcessInitializeOnLoadAttributes (246ms)
			ProcessInitializeOnLoadMethodAttributes (87ms)
			AfterProcessingInitializeOnLoad (0ms)
			EditorAssembliesLoaded (0ms)
		ExecutionOrderSort2 (0ms)
		AwakeInstancesAfterBackupRestoration (0ms)
========================================================================
Worker process is ready to serve import requests
Begin MonoManager ReloadAssembly
- Loaded All Assemblies, in  1.202 seconds
Refreshing native plugins compatible for Editor in 6.15 ms, found 3 plugins.
Native extension for WindowsStandalone target not found
Native extension for WebGL target not found
Package Manager log level set to [2]
[Package Manager] Server::EnsureServerProcessIsRunning -- launch failed, reason: Unity was launched with the -noUpm command-line argument
[Package Manager] UpmClient::Send -- Unable to send message (not connected to UPM process).
[Package Manager] Cannot connect to Unity Package Manager local server
Mono: successfully reloaded assembly
- Finished resetting the current domain, in  1.027 seconds
Domain Reload Profiling: 2226ms
	BeginReloadAssembly (248ms)
		ExecutionOrderSort (0ms)
		DisableScriptedObjects (11ms)
		BackupInstance (0ms)
		ReleaseScriptingObjects (0ms)
		CreateAndSetChildDomain (33ms)
	RebuildCommonClasses (55ms)
	RebuildNativeTypeToScriptingClass (17ms)
	initialDomainReloadingComplete (67ms)
	LoadAllAssembliesAndSetupDomain (811ms)
		LoadAssemblies (478ms)
		RebuildTransferFunctionScriptingTraits (0ms)
		AnalyzeDomain (477ms)
			TypeCache.Refresh (427ms)
				TypeCache.ScanAssembly (387ms)
			ScanForSourceGeneratedMonoScriptInfo (40ms)
			ResolveRequiredComponents (8ms)
	FinalizeReload (1028ms)
		ReleaseScriptCaches (0ms)
		RebuildScriptCaches (0ms)
		SetupLoadedEditorAssemblies (721ms)
			LogAssemblyErrors (0ms)
			InitializePlatformSupportModulesInManaged (13ms)
			SetLoadedEditorAssemblies (9ms)
			RefreshPlugins (0ms)
			BeforeProcessingInitializeOnLoad (110ms)
			ProcessInitializeOnLoadAttributes (551ms)
			ProcessInitializeOnLoadMethodAttributes (30ms)
			AfterProcessingInitializeOnLoad (8ms)
			EditorAssembliesLoaded (0ms)
		ExecutionOrderSort2 (0ms)
		AwakeInstancesAfterBackupRestoration (11ms)
Launched and connected shader compiler UnityShaderCompiler.exe after 0.10 seconds
Refreshing native plugins compatible for Editor in 4.28 ms, found 3 plugins.
Preloading 0 native plugins for Editor in 0.00 ms.
Unloading 3106 Unused Serialized files (Serialized files now loaded: 0)
Unloading 32 unused Assets / (56.9 KB). Loaded Objects now: 3569.
Memory consumption went from 127.7 MB to 127.7 MB.
Total: 6.418500 ms (FindLiveObjects: 0.434500 ms CreateObjectMapping: 0.231300 ms MarkObjects: 5.562600 ms  DeleteObjects: 0.187800 ms)

AssetImportParameters requested are different than current active one (requested -> active):
  custom:container-demuxer-ogg: 62fdf1f143b41e24485cea50d1cbac27 -> 
  custom:video-codec-MediaFoundation-h265: 746d11721c4dcdbdad8f713fa42b33f4 -> 
  custom:video-decoder-ogg-theora: a1e56fd34408186e4bbccfd4996cb3dc -> 
  custom:framework-win-MediaFoundation: 216162199b28c13a410421893ffa2e32 -> 
  custom:CustomObjectIndexerAttribute: 6d391050e5a25f67b0a2c618074f2cd9 -> 
  custom:container-demuxer-webm: 4f35f7cbe854078d1ac9338744f61a02 -> 
  custom:container-muxer-webm: aa71ff27fc2769a1b78a27578f13a17b -> 
  custom:video-decoder-webm-vp8: 9c59270c3fd7afecdb556c50c9e8de78 -> 
  custom:SearchIndexIgnoredProperties: e643bd26f0fe6173181afceb89e7c659 -> 
  custom:AudioImporter_EditorPlatform: d09bf68614088b80899f8185d706f6e7 -> 
  custom:video-encoder-webm-vp8: eb34c28f22e8b96e1ab97ce403110664 -> 
  custom:audio-decoder-ogg-vorbis: bf7c407c2cedff20999df2af8eb42d56 -> 
  custom:audio-encoder-webm-vorbis: bf7c407c2cedff20999df2af8eb42d56 -> 
========================================================================
Received Import Request.
  Time since last request: 34793.512758 seconds.
  path: Assets/SkySeries Freebie/UnearthlyRed.mat
  artifactKey: Guid(5d133deeaa66ed445853e946ff25e073) Importer(815301076,1909f56bfc062723c751e8b465ee728b)
Start importing Assets/SkySeries Freebie/UnearthlyRed.mat using Guid(5d133deeaa66ed445853e946ff25e073) Importer(815301076,1909f56bfc062723c751e8b465ee728b)  -> (artifact id: 'b3e5e5308f9722a624b8994695efb04b') in 0.372942 seconds
Number of updated asset objects reloaded before import = 0
Number of asset objects unloaded after import = 2
========================================================================
Received Import Request.
  Time since last request: 0.000056 seconds.
  path: Assets/SkySeries Freebie/FreebieHdri/CosmicCoolCloudRight.hdr
  artifactKey: Guid(438e868ac8cccca4e81873838a67c003) Importer(815301076,1909f56bfc062723c751e8b465ee728b)
Start importing Assets/SkySeries Freebie/FreebieHdri/CosmicCoolCloudRight.hdr using Guid(438e868ac8cccca4e81873838a67c003) Importer(815301076,1909f56bfc062723c751e8b465ee728b)  -> (artifact id: 'fda16737bc3ba193727fa484c4d6bff3') in 0.050174 seconds
Number of updated asset objects reloaded before import = 0
Number of asset objects unloaded after import = 2
========================================================================
Received Import Request.
  Time since last request: 0.000131 seconds.
  path: Assets/SkySeries Freebie/FreebieHdri/DayInTheClouds4k.hdr
  artifactKey: Guid(90196f2c2d8d2f2448717676e1a09894) Importer(815301076,1909f56bfc062723c751e8b465ee728b)
Start importing Assets/SkySeries Freebie/FreebieHdri/DayInTheClouds4k.hdr using Guid(90196f2c2d8d2f2448717676e1a09894) Importer(815301076,1909f56bfc062723c751e8b465ee728b)  -> (artifact id: '270e30e0e60426a56a869d60e72e8c19') in 0.093098 seconds
Number of updated asset objects reloaded before import = 0
Number of asset objects unloaded after import = 1
========================================================================
Received Import Request.
  Time since last request: 0.000038 seconds.
  path: Assets/SkySeries Freebie/FreebieHdri/MegaSunFront.hdr
  artifactKey: Guid(b915aaf1fa7dbd54a9e60e42712933a9) Importer(815301076,1909f56bfc062723c751e8b465ee728b)
Start importing Assets/SkySeries Freebie/FreebieHdri/MegaSunFront.hdr using Guid(b915aaf1fa7dbd54a9e60e42712933a9) Importer(815301076,1909f56bfc062723c751e8b465ee728b)  -> (artifact id: '39778cb1951b7a0a5c1e2692b63603f0') in 0.033369 seconds
Number of updated asset objects reloaded before import = 0
Number of asset objects unloaded after import = 2
========================================================================
Received Import Request.
  Time since last request: 0.000203 seconds.
  path: Assets/SkySeries Freebie/SunlessCirruscover.mat
  artifactKey: Guid(4e154bf235e41704bbd6bbc6fd6c63f6) Importer(815301076,1909f56bfc062723c751e8b465ee728b)
Start importing Assets/SkySeries Freebie/SunlessCirruscover.mat using Guid(4e154bf235e41704bbd6bbc6fd6c63f6) Importer(815301076,1909f56bfc062723c751e8b465ee728b)  -> (artifact id: 'b57d38ac2826d53b1f6103a67a5c84ab') in 0.126356 seconds
Number of updated asset objects reloaded before import = 0
Number of asset objects unloaded after import = 2
========================================================================
Received Import Request.
  Time since last request: 0.000037 seconds.
  path: Assets/SkySeries Freebie/6SidedMegaSun.mat
  artifactKey: Guid(c52c5d7968fa6c9499b0b5752f899bfb) Importer(815301076,1909f56bfc062723c751e8b465ee728b)
Start importing Assets/SkySeries Freebie/6SidedMegaSun.mat using Guid(c52c5d7968fa6c9499b0b5752f899bfb) Importer(815301076,1909f56bfc062723c751e8b465ee728b)  -> (artifact id: '53a95159ca5e48230a6f12afca872bc7') in 0.038233 seconds
Number of updated asset objects reloaded before import = 0
Number of asset objects unloaded after import = 7
========================================================================
Received Import Request.
  Time since last request: 0.000053 seconds.
  path: Assets/SkySeries Freebie/FreebieHdri/FluffballDayBack.hdr
  artifactKey: Guid(50762494be58d144d98d179cd6ba1470) Importer(815301076,1909f56bfc062723c751e8b465ee728b)
Start importing Assets/SkySeries Freebie/FreebieHdri/FluffballDayBack.hdr using Guid(50762494be58d144d98d179cd6ba1470) Importer(815301076,1909f56bfc062723c751e8b465ee728b)  -> (artifact id: '74abfaf4d9489ffbfba0dd55350fd730') in 0.029548 seconds
Number of updated asset objects reloaded before import = 0
Number of asset objects unloaded after import = 2
========================================================================
Received Import Request.
  Time since last request: 0.000359 seconds.
  path: Assets/SkySeries Freebie
  artifactKey: Guid(c322856dbebe3ae4884efd0eef201032) Importer(815301076,1909f56bfc062723c751e8b465ee728b)
Start importing Assets/SkySeries Freebie using Guid(c322856dbebe3ae4884efd0eef201032) Importer(815301076,1909f56bfc062723c751e8b465ee728b)  -> (artifact id: '4c6bfbfdd47d5e320a537c43f128a0a8') in 0.000921 seconds
Number of updated asset objects reloaded before import = 0
Number of asset objects unloaded after import = 0
========================================================================
Received Import Request.
  Time since last request: 0.000302 seconds.
  path: Assets/SkySeries Freebie/Cloudymorning.mat
  artifactKey: Guid(d9dca9ae1786c394f9e79c637aa9a7bf) Importer(815301076,1909f56bfc062723c751e8b465ee728b)
Start importing Assets/SkySeries Freebie/Cloudymorning.mat using Guid(d9dca9ae1786c394f9e79c637aa9a7bf) Importer(815301076,1909f56bfc062723c751e8b465ee728b)  -> (artifact id: '3188654eed057b9fa18bed5204ce51b5') in 0.069142 seconds
Number of updated asset objects reloaded before import = 0
Number of asset objects unloaded after import = 2
========================================================================
Received Import Request.
  Time since last request: 0.000035 seconds.
  path: Assets/SkySeries Freebie/FreebieHdri/MegaSunTop.hdr
  artifactKey: Guid(47d70ba0d1c1c3e4ab451b6bc37b0ebe) Importer(815301076,1909f56bfc062723c751e8b465ee728b)
Start importing Assets/SkySeries Freebie/FreebieHdri/MegaSunTop.hdr using Guid(47d70ba0d1c1c3e4ab451b6bc37b0ebe) Importer(815301076,1909f56bfc062723c751e8b465ee728b)  -> (artifact id: '4b3c88720fbc9ad1e3fc0fe146648456') in 0.036033 seconds
Number of updated asset objects reloaded before import = 0
Number of asset objects unloaded after import = 2
========================================================================
Received Import Request.
  Time since last request: 0.000243 seconds.
  path: Assets/SkySeries Freebie/FreebieHdri/MegaSun4k.hdr
  artifactKey: Guid(8967f190ed29c46418093a47d66daee8) Importer(815301076,1909f56bfc062723c751e8b465ee728b)
Start importing Assets/SkySeries Freebie/FreebieHdri/MegaSun4k.hdr using Guid(8967f190ed29c46418093a47d66daee8) Importer(815301076,1909f56bfc062723c751e8b465ee728b)  -> (artifact id: '3857042f00e1be47741104ae782ef5cd') in 0.064539 seconds
Number of updated asset objects reloaded before import = 0
Number of asset objects unloaded after import = 1
========================================================================
Received Import Request.
  Time since last request: 0.000038 seconds.
  path: Assets/SkySeries Freebie/FreebieHdri/UnearthlyRed4k.hdr
  artifactKey: Guid(a3de28b69b48944438c87668bd722ae7) Importer(815301076,1909f56bfc062723c751e8b465ee728b)
Start importing Assets/SkySeries Freebie/FreebieHdri/UnearthlyRed4k.hdr using Guid(a3de28b69b48944438c87668bd722ae7) Importer(815301076,1909f56bfc062723c751e8b465ee728b)  -> (artifact id: 'f5fa8dbb81bcf57a8a4dfc2c12acdafc') in 0.090889 seconds
Number of updated asset objects reloaded before import = 0
Number of asset objects unloaded after import = 1
========================================================================
Received Import Request.
  Time since last request: 0.000056 seconds.
  path: Assets/SkySeries Freebie/FluffballDay.mat
  artifactKey: Guid(20d4f77b9022eab48b4d94599ed4bf82) Importer(815301076,1909f56bfc062723c751e8b465ee728b)
Start importing Assets/SkySeries Freebie/FluffballDay.mat using Guid(20d4f77b9022eab48b4d94599ed4bf82) Importer(815301076,1909f56bfc062723c751e8b465ee728b)  -> (artifact id: '054016e91f3ec31ad8d639a9a3204fbf') in 0.093523 seconds
Number of updated asset objects reloaded before import = 0
Number of asset objects unloaded after import = 2
========================================================================
Received Import Request.
  Time since last request: 0.000040 seconds.
  path: Assets/SkySeries Freebie/CasualDay.mat
  artifactKey: Guid(85cf0b004bc4a654b9e501efcce47902) Importer(815301076,1909f56bfc062723c751e8b465ee728b)
Start importing Assets/SkySeries Freebie/CasualDay.mat using Guid(85cf0b004bc4a654b9e501efcce47902) Importer(815301076,1909f56bfc062723c751e8b465ee728b)  -> (artifact id: '31f45a2ac9955e7db925e6483faef16f') in 0.133987 seconds
Number of updated asset objects reloaded before import = 0
Number of asset objects unloaded after import = 2
========================================================================
Received Import Request.
  Time since last request: 0.000052 seconds.
  path: Assets/SkySeries Freebie/FreebieHdri/FluffballDayLeft.hdr
  artifactKey: Guid(a78d8299279fda54098aca1c72ecfae1) Importer(815301076,1909f56bfc062723c751e8b465ee728b)
Start importing Assets/SkySeries Freebie/FreebieHdri/FluffballDayLeft.hdr using Guid(a78d8299279fda54098aca1c72ecfae1) Importer(815301076,1909f56bfc062723c751e8b465ee728b)  -> (artifact id: '8570e990d08a1b4303781c08d28f585e') in 0.040502 seconds
Number of updated asset objects reloaded before import = 0
Number of asset objects unloaded after import = 2
========================================================================
Received Import Request.
  Time since last request: 0.000061 seconds.
  path: Assets/SkySeries Freebie/FreebieHdri/SunlessCirruscover4k.hdr
  artifactKey: Guid(99af420a4ccafa74abdc47436d8b0685) Importer(815301076,1909f56bfc062723c751e8b465ee728b)
Start importing Assets/SkySeries Freebie/FreebieHdri/SunlessCirruscover4k.hdr using Guid(99af420a4ccafa74abdc47436d8b0685) Importer(815301076,1909f56bfc062723c751e8b465ee728b)  -> (artifact id: 'c057c74ee0e7cc493aedf4d3ffb46213') in 0.082905 seconds
Number of updated asset objects reloaded before import = 0
Number of asset objects unloaded after import = 1
========================================================================
Received Import Request.
  Time since last request: 0.000038 seconds.
  path: Assets/SkySeries Freebie/FreebieHdri/CasualDay4K.hdr
  artifactKey: Guid(1153dc89e66880c4eb7adc16ba588855) Importer(815301076,1909f56bfc062723c751e8b465ee728b)
Start importing Assets/SkySeries Freebie/FreebieHdri/CasualDay4K.hdr using Guid(1153dc89e66880c4eb7adc16ba588855) Importer(815301076,1909f56bfc062723c751e8b465ee728b)  -> (artifact id: '3706e22a91d28d1a833ca3c0117213e9') in 0.081143 seconds
Number of updated asset objects reloaded before import = 0
Number of asset objects unloaded after import = 1
========================================================================
Received Import Request.
  Time since last request: 0.000040 seconds.
  path: Assets/SkySeries Freebie/FreebieHdri/CosmicCoolCloudTop.hdr
  artifactKey: Guid(a199da0432efa6a489df8883d1f3bfe0) Importer(815301076,1909f56bfc062723c751e8b465ee728b)
Start importing Assets/SkySeries Freebie/FreebieHdri/CosmicCoolCloudTop.hdr using Guid(a199da0432efa6a489df8883d1f3bfe0) Importer(815301076,1909f56bfc062723c751e8b465ee728b)  -> (artifact id: '881f76ec78916e518a1eeaf223ca917f') in 0.052501 seconds
Number of updated asset objects reloaded before import = 0
Number of asset objects unloaded after import = 2
========================================================================
Received Import Request.
  Time since last request: 0.000058 seconds.
  path: Assets/SkySeries Freebie/FreebieHdri/MegaSunRight.hdr
  artifactKey: Guid(f5760fc943c5eb643a2291630888f6a1) Importer(815301076,1909f56bfc062723c751e8b465ee728b)
Start importing Assets/SkySeries Freebie/FreebieHdri/MegaSunRight.hdr using Guid(f5760fc943c5eb643a2291630888f6a1) Importer(815301076,1909f56bfc062723c751e8b465ee728b)  -> (artifact id: '1a716b85f1669dbcc6aa0f41db80bf77') in 0.055356 seconds
Number of updated asset objects reloaded before import = 0
Number of asset objects unloaded after import = 2
========================================================================
Received Import Request.
  Time since last request: 0.000133 seconds.
  path: Assets/SkySeries Freebie/FreebieHdri/CloudedSunGlow4k.hdr
  artifactKey: Guid(12c15a8e5a294be45819b1dd4b9b08d3) Importer(815301076,1909f56bfc062723c751e8b465ee728b)
Start importing Assets/SkySeries Freebie/FreebieHdri/CloudedSunGlow4k.hdr using Guid(12c15a8e5a294be45819b1dd4b9b08d3) Importer(815301076,1909f56bfc062723c751e8b465ee728b)  -> (artifact id: '33d985c14e2bf82acc204257b2a71012') in 0.086438 seconds
Number of updated asset objects reloaded before import = 0
Number of asset objects unloaded after import = 1
========================================================================
Received Import Request.
  Time since last request: 0.000047 seconds.
  path: Assets/SkySeries Freebie/FreebieHdri/CosmicCoolCloudFront.hdr
  artifactKey: Guid(d822c5eff7d42f04691027bc8c2b0716) Importer(815301076,1909f56bfc062723c751e8b465ee728b)
Start importing Assets/SkySeries Freebie/FreebieHdri/CosmicCoolCloudFront.hdr using Guid(d822c5eff7d42f04691027bc8c2b0716) Importer(815301076,1909f56bfc062723c751e8b465ee728b)  -> (artifact id: 'cc04e0e3f202e9292cf1d44def1ee942') in 0.044264 seconds
Number of updated asset objects reloaded before import = 0
Number of asset objects unloaded after import = 2
========================================================================
Received Import Request.
  Time since last request: 0.000114 seconds.
  path: Assets/SkySeries Freebie/6SidedFluffball.mat
  artifactKey: Guid(efd1c33efd2d58340b88804268e6833f) Importer(815301076,1909f56bfc062723c751e8b465ee728b)
Start importing Assets/SkySeries Freebie/6SidedFluffball.mat using Guid(efd1c33efd2d58340b88804268e6833f) Importer(815301076,1909f56bfc062723c751e8b465ee728b)  -> (artifact id: '38198c9fb101085af3136f3e8d2d8b1f') in 0.048190 seconds
Number of updated asset objects reloaded before import = 0
Number of asset objects unloaded after import = 7
========================================================================
Received Import Request.
  Time since last request: 0.000041 seconds.
  path: Assets/SkySeries Freebie/CoriolisNight4k.mat
  artifactKey: Guid(d4454f71d85928744be7771e2143dab7) Importer(815301076,1909f56bfc062723c751e8b465ee728b)
Start importing Assets/SkySeries Freebie/CoriolisNight4k.mat using Guid(d4454f71d85928744be7771e2143dab7) Importer(815301076,1909f56bfc062723c751e8b465ee728b)  -> (artifact id: '900daf5f3c9e1940035f47b68c6de8b8') in 0.092890 seconds
Number of updated asset objects reloaded before import = 0
Number of asset objects unloaded after import = 2
========================================================================
Received Import Request.
  Time since last request: 0.000076 seconds.
  path: Assets/SkySeries Freebie/FreebieHdri/AmbienceExposure4k.hdr
  artifactKey: Guid(c9bc6cdb7a2e78b4c85ae74715b0a355) Importer(815301076,1909f56bfc062723c751e8b465ee728b)
Start importing Assets/SkySeries Freebie/FreebieHdri/AmbienceExposure4k.hdr using Guid(c9bc6cdb7a2e78b4c85ae74715b0a355) Importer(815301076,1909f56bfc062723c751e8b465ee728b)  -> (artifact id: '22b9fa36544b12a5b792327027d01d81') in 0.098738 seconds
Number of updated asset objects reloaded before import = 0
Number of asset objects unloaded after import = 1
========================================================================
Received Import Request.
  Time since last request: 0.000127 seconds.
  path: Assets/SkySeries Freebie/FreebieHdri/CosmicCoolCloudEQ_hdr.exr
  artifactKey: Guid(09999639e73bcd64abda22253af612d8) Importer(815301076,1909f56bfc062723c751e8b465ee728b)
Start importing Assets/SkySeries Freebie/FreebieHdri/CosmicCoolCloudEQ_hdr.exr using Guid(09999639e73bcd64abda22253af612d8) Importer(815301076,1909f56bfc062723c751e8b465ee728b)  -> (artifact id: '02048f082567cadb5c56a5c5a71987aa') in 0.078748 seconds
Number of updated asset objects reloaded before import = 0
Number of asset objects unloaded after import = 1
========================================================================
Received Import Request.
  Time since last request: 0.000048 seconds.
  path: Assets/SkySeries Freebie/FreebieHdri/FluffballDay4k.hdr
  artifactKey: Guid(3e80b688af9b1d84ea52c5d36bb1cbbd) Importer(815301076,1909f56bfc062723c751e8b465ee728b)
Start importing Assets/SkySeries Freebie/FreebieHdri/FluffballDay4k.hdr using Guid(3e80b688af9b1d84ea52c5d36bb1cbbd) Importer(815301076,1909f56bfc062723c751e8b465ee728b)  -> (artifact id: 'e34ed4272af35e4673924641a653c8d7') in 0.083836 seconds
Number of updated asset objects reloaded before import = 0
Number of asset objects unloaded after import = 1
========================================================================
Received Import Request.
  Time since last request: 0.000055 seconds.
  path: Assets/SkySeries Freebie/CosmicCoolCloud_Eq.mat
  artifactKey: Guid(369b9ebe3a62b904dbc19bd332b44086) Importer(815301076,1909f56bfc062723c751e8b465ee728b)
Start importing Assets/SkySeries Freebie/CosmicCoolCloud_Eq.mat using Guid(369b9ebe3a62b904dbc19bd332b44086) Importer(815301076,1909f56bfc062723c751e8b465ee728b)  -> (artifact id: '192d5f800e8eb899a5a69091808953f7') in 0.066397 seconds
Number of updated asset objects reloaded before import = 0
Number of asset objects unloaded after import = 2
========================================================================
Received Import Request.
  Time since last request: 0.000044 seconds.
  path: Assets/SkySeries Freebie/MegaSun.mat
  artifactKey: Guid(cede08c9fc471e64884909cd4bbeaf59) Importer(815301076,1909f56bfc062723c751e8b465ee728b)
Start importing Assets/SkySeries Freebie/MegaSun.mat using Guid(cede08c9fc471e64884909cd4bbeaf59) Importer(815301076,1909f56bfc062723c751e8b465ee728b)  -> (artifact id: 'daa8865bba6ff0be2b2cd5a51d43ab71') in 0.069931 seconds
Number of updated asset objects reloaded before import = 0
Number of asset objects unloaded after import = 2
========================================================================
Received Import Request.
  Time since last request: 0.465909 seconds.
  path: Assets/3Skyboxes/Skybox_BlueNebular_Textures/BlueNebular_bottom.jpg
  artifactKey: Guid(8f042aa2fffc37643a0ca2fa3cfafbd1) Importer(815301076,1909f56bfc062723c751e8b465ee728b)
Start importing Assets/3Skyboxes/Skybox_BlueNebular_Textures/BlueNebular_bottom.jpg using Guid(8f042aa2fffc37643a0ca2fa3cfafbd1) Importer(815301076,1909f56bfc062723c751e8b465ee728b)  -> (artifact id: '7f997fb624d9227f1ea3afc29b2d0518') in 0.121471 seconds
Number of updated asset objects reloaded before import = 0
Number of asset objects unloaded after import = 2
========================================================================
Received Import Request.
  Time since last request: 0.000029 seconds.
  path: Assets/3Skyboxes/Skybox_BlueNebular_Textures/BlueNebular_left.jpg
  artifactKey: Guid(d58c7aa74edd6ee4e843a8c54307a8dd) Importer(815301076,1909f56bfc062723c751e8b465ee728b)
Start importing Assets/3Skyboxes/Skybox_BlueNebular_Textures/BlueNebular_left.jpg using Guid(d58c7aa74edd6ee4e843a8c54307a8dd) Importer(815301076,1909f56bfc062723c751e8b465ee728b)  -> (artifact id: '1ebcf2c0ff7fb201261965b5a4257b31') in 0.098737 seconds
Number of updated asset objects reloaded before import = 0
Number of asset objects unloaded after import = 2
========================================================================
Received Import Request.
  Time since last request: 0.000039 seconds.
  path: Assets/3Skyboxes/Skybox_BlueNebular_Textures/BlueNebular_front.jpg
  artifactKey: Guid(64256e95256b9064bb85c6658ea884aa) Importer(815301076,1909f56bfc062723c751e8b465ee728b)
Start importing Assets/3Skyboxes/Skybox_BlueNebular_Textures/BlueNebular_front.jpg using Guid(64256e95256b9064bb85c6658ea884aa) Importer(815301076,1909f56bfc062723c751e8b465ee728b)  -> (artifact id: '4ddb604b306f3732a4e098c906af19c7') in 0.117655 seconds
Number of updated asset objects reloaded before import = 0
Number of asset objects unloaded after import = 2
========================================================================
Received Import Request.
  Time since last request: 4.215809 seconds.
  path: Assets/3Skyboxes/Skybox_BluePinkNebular_Textures/BluePinkNebular_bottom.jpg
  artifactKey: Guid(207cfef1caffafe4b90f5b358ab27ca6) Importer(815301076,1909f56bfc062723c751e8b465ee728b)
Start importing Assets/3Skyboxes/Skybox_BluePinkNebular_Textures/BluePinkNebular_bottom.jpg using Guid(207cfef1caffafe4b90f5b358ab27ca6) Importer(815301076,1909f56bfc062723c751e8b465ee728b)  -> (artifact id: '88cecf1f1838c01a01d418d05d863c2f') in 0.048589 seconds
Number of updated asset objects reloaded before import = 0
Number of asset objects unloaded after import = 2
========================================================================
Received Import Request.
  Time since last request: 0.000031 seconds.
  path: Assets/3Skyboxes/Skybox_BluePinkNebular_Textures/BluePinkNebular_right.jpg
  artifactKey: Guid(11cecf538f048a54aa8b7a513faab662) Importer(815301076,1909f56bfc062723c751e8b465ee728b)
Start importing Assets/3Skyboxes/Skybox_BluePinkNebular_Textures/BluePinkNebular_right.jpg using Guid(11cecf538f048a54aa8b7a513faab662) Importer(815301076,1909f56bfc062723c751e8b465ee728b)  -> (artifact id: '26149b682f6e38daaefc406afbdf4b44') in 0.057252 seconds
Number of updated asset objects reloaded before import = 0
Number of asset objects unloaded after import = 2
========================================================================
Received Import Request.
  Time since last request: 0.000035 seconds.
  path: Assets/3Skyboxes/Skybox_BluePinkNebular_Textures/BluePinkNebular_left.jpg
  artifactKey: Guid(a0935b50d63b2eb4a8564893347c3692) Importer(815301076,1909f56bfc062723c751e8b465ee728b)
Start importing Assets/3Skyboxes/Skybox_BluePinkNebular_Textures/BluePinkNebular_left.jpg using Guid(a0935b50d63b2eb4a8564893347c3692) Importer(815301076,1909f56bfc062723c751e8b465ee728b)  -> (artifact id: '295520c7e17ac5c8add88b2fba02bfec') in 0.057687 seconds
Number of updated asset objects reloaded before import = 0
Number of asset objects unloaded after import = 2
========================================================================
Received Import Request.
  Time since last request: 2.423840 seconds.
  path: Assets/3Skyboxes/Skybox_GreenNebular_Textures/GreenNebular_bottom.jpg
  artifactKey: Guid(aba337558e31df94c843ecab2a85ebe9) Importer(815301076,1909f56bfc062723c751e8b465ee728b)
Start importing Assets/3Skyboxes/Skybox_GreenNebular_Textures/GreenNebular_bottom.jpg using Guid(aba337558e31df94c843ecab2a85ebe9) Importer(815301076,1909f56bfc062723c751e8b465ee728b)  -> (artifact id: 'e0eb519ecc7877c6a17eb61a160ad4aa') in 0.172820 seconds
Number of updated asset objects reloaded before import = 0
Number of asset objects unloaded after import = 2
========================================================================
Received Import Request.
  Time since last request: 0.000024 seconds.
  path: Assets/3Skyboxes/Skybox_GreenNebular_Textures/GreenNebular_left.jpg
  artifactKey: Guid(efcf604c3a25bf940b9644440b847e8f) Importer(815301076,1909f56bfc062723c751e8b465ee728b)
Start importing Assets/3Skyboxes/Skybox_GreenNebular_Textures/GreenNebular_left.jpg using Guid(efcf604c3a25bf940b9644440b847e8f) Importer(815301076,1909f56bfc062723c751e8b465ee728b)  -> (artifact id: '4b603b1cded745b11ad72297ed9e2ebf') in 0.150746 seconds
Number of updated asset objects reloaded before import = 0
Number of asset objects unloaded after import = 2
========================================================================
Received Import Request.
  Time since last request: 0.000039 seconds.
  path: Assets/3Skyboxes/Skybox_GreenNebular_Textures/GreenNebular_right.jpg
  artifactKey: Guid(942a24a67e4303f41b6f89fcc0e02456) Importer(815301076,1909f56bfc062723c751e8b465ee728b)
Start importing Assets/3Skyboxes/Skybox_GreenNebular_Textures/GreenNebular_right.jpg using Guid(942a24a67e4303f41b6f89fcc0e02456) Importer(815301076,1909f56bfc062723c751e8b465ee728b)  -> (artifact id: '7b8ed73741774792489ab0f5a4d4529d') in 0.070093 seconds
Number of updated asset objects reloaded before import = 0
Number of asset objects unloaded after import = 2
========================================================================
Received Prepare
Begin MonoManager ReloadAssembly
- Loaded All Assemblies, in  0.761 seconds
Refreshing native plugins compatible for Editor in 4.21 ms, found 3 plugins.
Native extension for WindowsStandalone target not found
Native extension for WebGL target not found
[Package Manager] Server::EnsureServerProcessIsRunning -- launch failed, reason: Unity was launched with the -noUpm command-line argument
[Package Manager] UpmClient::Send -- Unable to send message (not connected to UPM process).
[Package Manager] Cannot connect to Unity Package Manager local server
Mono: successfully reloaded assembly
- Finished resetting the current domain, in  1.376 seconds
Domain Reload Profiling: 2135ms
	BeginReloadAssembly (194ms)
		ExecutionOrderSort (0ms)
		DisableScriptedObjects (5ms)
		BackupInstance (0ms)
		ReleaseScriptingObjects (0ms)
		CreateAndSetChildDomain (40ms)
	RebuildCommonClasses (49ms)
	RebuildNativeTypeToScriptingClass (16ms)
	initialDomainReloadingComplete (39ms)
	LoadAllAssembliesAndSetupDomain (459ms)
		LoadAssemblies (543ms)
		RebuildTransferFunctionScriptingTraits (0ms)
		AnalyzeDomain (28ms)
			TypeCache.Refresh (12ms)
				TypeCache.ScanAssembly (0ms)
			ScanForSourceGeneratedMonoScriptInfo (0ms)
			ResolveRequiredComponents (14ms)
	FinalizeReload (1377ms)
		ReleaseScriptCaches (0ms)
		RebuildScriptCaches (0ms)
		SetupLoadedEditorAssemblies (711ms)
			LogAssemblyErrors (0ms)
			InitializePlatformSupportModulesInManaged (12ms)
			SetLoadedEditorAssemblies (7ms)
			RefreshPlugins (0ms)
			BeforeProcessingInitializeOnLoad (104ms)
			ProcessInitializeOnLoadAttributes (549ms)
			ProcessInitializeOnLoadMethodAttributes (30ms)
			AfterProcessingInitializeOnLoad (8ms)
			EditorAssembliesLoaded (0ms)
		ExecutionOrderSort2 (0ms)
		AwakeInstancesAfterBackupRestoration (13ms)
Refreshing native plugins compatible for Editor in 4.07 ms, found 3 plugins.
Preloading 0 native plugins for Editor in 0.00 ms.
Unloading 3085 Unused Serialized files (Serialized files now loaded: 0)
Unloading 23 unused Assets / (31.1 KB). Loaded Objects now: 3617.
Memory consumption went from 129.7 MB to 129.7 MB.
Total: 5.599900 ms (FindLiveObjects: 0.535400 ms CreateObjectMapping: 0.171800 ms MarkObjects: 4.802300 ms  DeleteObjects: 0.088300 ms)

Prepare: number of updated asset objects reloaded= 0
AssetImportParameters requested are different than current active one (requested -> active):
  custom:container-demuxer-ogg: 62fdf1f143b41e24485cea50d1cbac27 -> 
  custom:video-codec-MediaFoundation-h265: 746d11721c4dcdbdad8f713fa42b33f4 -> 
  custom:video-decoder-ogg-theora: a1e56fd34408186e4bbccfd4996cb3dc -> 
  custom:framework-win-MediaFoundation: 216162199b28c13a410421893ffa2e32 -> 
  custom:CustomObjectIndexerAttribute: 6d391050e5a25f67b0a2c618074f2cd9 -> 
  custom:container-demuxer-webm: 4f35f7cbe854078d1ac9338744f61a02 -> 
  custom:container-muxer-webm: aa71ff27fc2769a1b78a27578f13a17b -> 
  custom:video-decoder-webm-vp8: 9c59270c3fd7afecdb556c50c9e8de78 -> 
  custom:SearchIndexIgnoredProperties: e643bd26f0fe6173181afceb89e7c659 -> 
  custom:AudioImporter_EditorPlatform: d09bf68614088b80899f8185d706f6e7 -> 
  custom:video-encoder-webm-vp8: eb34c28f22e8b96e1ab97ce403110664 -> 
  custom:audio-decoder-ogg-vorbis: bf7c407c2cedff20999df2af8eb42d56 -> 
  custom:audio-encoder-webm-vorbis: bf7c407c2cedff20999df2af8eb42d56 -> 
========================================================================
Received Import Request.
  Time since last request: 157.479946 seconds.
  path: Assets/Hub Assets/arrow-basic.fbx
  artifactKey: Guid(45a55368af78434409059a3f8c51f166) Importer(815301076,1909f56bfc062723c751e8b465ee728b)
Start importing Assets/Hub Assets/arrow-basic.fbx using Guid(45a55368af78434409059a3f8c51f166) Importer(815301076,1909f56bfc062723c751e8b465ee728b)  -> (artifact id: '4662cad615212f6be14edcfab3dea042') in 0.140248 seconds
Number of updated asset objects reloaded before import = 0
Number of asset objects unloaded after import = 9
========================================================================
Received Import Request.
  Time since last request: 0.000020 seconds.
  path: Assets/Hub Assets/conveyor-sides.fbx
  artifactKey: Guid(0bd30bf43d2ebf940baae7fb7fb88cb7) Importer(815301076,1909f56bfc062723c751e8b465ee728b)
Start importing Assets/Hub Assets/conveyor-sides.fbx using Guid(0bd30bf43d2ebf940baae7fb7fb88cb7) Importer(815301076,1909f56bfc062723c751e8b465ee728b)  -> (artifact id: '64f835736abb32dad8695c14b0a7fd1d') in 0.043637 seconds
Number of updated asset objects reloaded before import = 0
Number of asset objects unloaded after import = 16
========================================================================
Received Import Request.
  Time since last request: 0.000030 seconds.
  path: Assets/Hub Assets/conveyor-stripe.fbx
  artifactKey: Guid(982837af3b60ef74b8431b9d558b3231) Importer(815301076,1909f56bfc062723c751e8b465ee728b)
Start importing Assets/Hub Assets/conveyor-stripe.fbx using Guid(982837af3b60ef74b8431b9d558b3231) Importer(815301076,1909f56bfc062723c751e8b465ee728b)  -> (artifact id: 'd4fbd668c8d2ee2b30637e06182ef6a5') in 0.027204 seconds
Number of updated asset objects reloaded before import = 0
Number of asset objects unloaded after import = 9
========================================================================
Received Import Request.
  Time since last request: 0.000035 seconds.
  path: Assets/Hub Assets/scanner-high.fbx
  artifactKey: Guid(6bd95d4eeacd51b4983da8363df73f14) Importer(815301076,1909f56bfc062723c751e8b465ee728b)
Start importing Assets/Hub Assets/scanner-high.fbx using Guid(6bd95d4eeacd51b4983da8363df73f14) Importer(815301076,1909f56bfc062723c751e8b465ee728b)  -> (artifact id: 'bd181c71860d2b058d30964523975e38') in 0.030279 seconds
Number of updated asset objects reloaded before import = 0
Number of asset objects unloaded after import = 9
========================================================================
Received Import Request.
  Time since last request: 0.000202 seconds.
  path: Assets/Hub Assets/box-large.fbx
  artifactKey: Guid(cc621849a61140b4e8315e67bcf7f841) Importer(815301076,1909f56bfc062723c751e8b465ee728b)
Start importing Assets/Hub Assets/box-large.fbx using Guid(cc621849a61140b4e8315e67bcf7f841) Importer(815301076,1909f56bfc062723c751e8b465ee728b)  -> (artifact id: '5417ad1c8f12cc649a588d95fc3dd877') in 0.030042 seconds
Number of updated asset objects reloaded before import = 0
Number of asset objects unloaded after import = 9
========================================================================
Received Import Request.
  Time since last request: 0.000093 seconds.
  path: Assets/Hub Assets/conveyor-bars-stripe-high.fbx
  artifactKey: Guid(4e831698bd2fe2740be8d3cc16f71c55) Importer(815301076,1909f56bfc062723c751e8b465ee728b)
Start importing Assets/Hub Assets/conveyor-bars-stripe-high.fbx using Guid(4e831698bd2fe2740be8d3cc16f71c55) Importer(815301076,1909f56bfc062723c751e8b465ee728b)  -> (artifact id: '06f736de8a077fb69f6f575d185388e0') in 0.044527 seconds
Number of updated asset objects reloaded before import = 0
Number of asset objects unloaded after import = 16
========================================================================
Received Import Request.
  Time since last request: 0.000026 seconds.
  path: Assets/Hub Assets/structure-doorway-wide.fbx
  artifactKey: Guid(a89341872cd960a49bdde629e45ff231) Importer(815301076,1909f56bfc062723c751e8b465ee728b)
Start importing Assets/Hub Assets/structure-doorway-wide.fbx using Guid(a89341872cd960a49bdde629e45ff231) Importer(815301076,1909f56bfc062723c751e8b465ee728b)  -> (artifact id: '1d1caf85c20ab133fc942608965e88b9') in 0.032842 seconds
Number of updated asset objects reloaded before import = 0
Number of asset objects unloaded after import = 9
========================================================================
Received Import Request.
  Time since last request: 0.000069 seconds.
  path: Assets/Hub Assets/floor-large.fbx
  artifactKey: Guid(6eefea4ce33508643b032cfcefaf6326) Importer(815301076,1909f56bfc062723c751e8b465ee728b)
Start importing Assets/Hub Assets/floor-large.fbx using Guid(6eefea4ce33508643b032cfcefaf6326) Importer(815301076,1909f56bfc062723c751e8b465ee728b)  -> (artifact id: '13eb26429e97f4e88ea9f178c7ae7d9e') in 0.033573 seconds
Number of updated asset objects reloaded before import = 0
Number of asset objects unloaded after import = 9
========================================================================
Received Import Request.
  Time since last request: 0.000024 seconds.
  path: Assets/Hub Assets/conveyor.fbx
  artifactKey: Guid(66ebf0c646b5b0a43bdcef84ebdacc9d) Importer(815301076,1909f56bfc062723c751e8b465ee728b)
Start importing Assets/Hub Assets/conveyor.fbx using Guid(66ebf0c646b5b0a43bdcef84ebdacc9d) Importer(815301076,1909f56bfc062723c751e8b465ee728b)  -> (artifact id: '4380c1c6947206fe9efd6aea104dfb5c') in 0.031649 seconds
Number of updated asset objects reloaded before import = 0
Number of asset objects unloaded after import = 9
========================================================================
Received Import Request.
  Time since last request: 0.000025 seconds.
  path: Assets/Hub Assets/structure-doorway.fbx
  artifactKey: Guid(ee89b826b56e23b4885dca0856299ad4) Importer(815301076,1909f56bfc062723c751e8b465ee728b)
Start importing Assets/Hub Assets/structure-doorway.fbx using Guid(ee89b826b56e23b4885dca0856299ad4) Importer(815301076,1909f56bfc062723c751e8b465ee728b)  -> (artifact id: 'da17dddb53fe64a614103929f957c05c') in 0.032940 seconds
Number of updated asset objects reloaded before import = 0
Number of asset objects unloaded after import = 9
========================================================================
Received Import Request.
  Time since last request: 0.000031 seconds.
  path: Assets/Hub Assets/cover-hopper.fbx
  artifactKey: Guid(a9278a0bd8419b04eb7215de46c45020) Importer(815301076,1909f56bfc062723c751e8b465ee728b)
Start importing Assets/Hub Assets/cover-hopper.fbx using Guid(a9278a0bd8419b04eb7215de46c45020) Importer(815301076,1909f56bfc062723c751e8b465ee728b)  -> (artifact id: 'e004f8656ce68bcdce4a9e42e41cc819') in 0.032749 seconds
Number of updated asset objects reloaded before import = 0
Number of asset objects unloaded after import = 9
========================================================================
Received Import Request.
  Time since last request: 0.000037 seconds.
  path: Assets/Hub Assets/conveyor-bars-stripe.fbx
  artifactKey: Guid(2f0c54a0ccd3fa749860515c0919cc2e) Importer(815301076,1909f56bfc062723c751e8b465ee728b)
Start importing Assets/Hub Assets/conveyor-bars-stripe.fbx using Guid(2f0c54a0ccd3fa749860515c0919cc2e) Importer(815301076,1909f56bfc062723c751e8b465ee728b)  -> (artifact id: '74c390f78890c3d356ba70c966b2eb61') in 0.033679 seconds
Number of updated asset objects reloaded before import = 0
Number of asset objects unloaded after import = 9
========================================================================
Received Import Request.
  Time since last request: 0.000028 seconds.
  path: Assets/Hub Assets/cover-window.fbx
  artifactKey: Guid(5d5dea711e1569f4eb7a4bf223b3c16c) Importer(815301076,1909f56bfc062723c751e8b465ee728b)
Start importing Assets/Hub Assets/cover-window.fbx using Guid(5d5dea711e1569f4eb7a4bf223b3c16c) Importer(815301076,1909f56bfc062723c751e8b465ee728b)  -> (artifact id: '8d5da617d55481d8099d19906617de99') in 0.039460 seconds
Number of updated asset objects reloaded before import = 0
Number of asset objects unloaded after import = 9
========================================================================
Received Import Request.
  Time since last request: 0.000029 seconds.
  path: Assets/Hub Assets/cover-bar.fbx
  artifactKey: Guid(9a9b89f9de113304fbbea494f4dda499) Importer(815301076,1909f56bfc062723c751e8b465ee728b)
Start importing Assets/Hub Assets/cover-bar.fbx using Guid(9a9b89f9de113304fbbea494f4dda499) Importer(815301076,1909f56bfc062723c751e8b465ee728b)  -> (artifact id: 'bb7966cf21aeb8419f17f4ade92117cf') in 0.034811 seconds
Number of updated asset objects reloaded before import = 0
Number of asset objects unloaded after import = 9
========================================================================
Received Import Request.
  Time since last request: 0.000145 seconds.
  path: Assets/Hub Assets/door-wide-closed.fbx
  artifactKey: Guid(ff356256f3b43224eb5f2916d30d5465) Importer(815301076,1909f56bfc062723c751e8b465ee728b)
Start importing Assets/Hub Assets/door-wide-closed.fbx using Guid(ff356256f3b43224eb5f2916d30d5465) Importer(815301076,1909f56bfc062723c751e8b465ee728b)  -> (artifact id: '9c4a337613cd96ec1b5003f02d273d06') in 0.035028 seconds
Number of updated asset objects reloaded before import = 0
Number of asset objects unloaded after import = 9
========================================================================
Received Import Request.
  Time since last request: 0.000027 seconds.
  path: Assets/Hub Assets/conveyor-bars-fence.fbx
  artifactKey: Guid(a406c2dd4b2db1e47b04bc5c3fe91ba1) Importer(815301076,1909f56bfc062723c751e8b465ee728b)
Start importing Assets/Hub Assets/conveyor-bars-fence.fbx using Guid(a406c2dd4b2db1e47b04bc5c3fe91ba1) Importer(815301076,1909f56bfc062723c751e8b465ee728b)  -> (artifact id: 'd98d24d493c9311ac8d07b282208199c') in 0.067357 seconds
Number of updated asset objects reloaded before import = 0
Number of asset objects unloaded after import = 21
========================================================================
Received Import Request.
  Time since last request: 0.000033 seconds.
  path: Assets/Hub Assets/robot-arm-b.fbx
  artifactKey: Guid(6887e6dbe5add9845a5ab6ca7a6489f8) Importer(815301076,1909f56bfc062723c751e8b465ee728b)
Start importing Assets/Hub Assets/robot-arm-b.fbx using Guid(6887e6dbe5add9845a5ab6ca7a6489f8) Importer(815301076,1909f56bfc062723c751e8b465ee728b)  -> (artifact id: '850eddb80660e3d866fe7769271e86ef') in 0.077631 seconds
Number of updated asset objects reloaded before import = 0
Number of asset objects unloaded after import = 39
========================================================================
Received Import Request.
  Time since last request: 0.000067 seconds.
  path: Assets/Hub Assets/structure-corner-inner.fbx
  artifactKey: Guid(a23e2d4c5efcae746bd33fa80123e4d1) Importer(815301076,1909f56bfc062723c751e8b465ee728b)
Start importing Assets/Hub Assets/structure-corner-inner.fbx using Guid(a23e2d4c5efcae746bd33fa80123e4d1) Importer(815301076,1909f56bfc062723c751e8b465ee728b)  -> (artifact id: '5804f7f7ad360ea5ddaac538a70f91ce') in 0.033401 seconds
Number of updated asset objects reloaded before import = 0
Number of asset objects unloaded after import = 9
========================================================================
Received Import Request.
  Time since last request: 0.000194 seconds.
  path: Assets/Hub Assets/cover-stripe-corner.fbx
  artifactKey: Guid(efb46e24cc3688b4a9f6bfaa390b7f28) Importer(815301076,1909f56bfc062723c751e8b465ee728b)
Start importing Assets/Hub Assets/cover-stripe-corner.fbx using Guid(efb46e24cc3688b4a9f6bfaa390b7f28) Importer(815301076,1909f56bfc062723c751e8b465ee728b)  -> (artifact id: '7f05f2071c396da9e37be49972779bf6') in 0.037380 seconds
Number of updated asset objects reloaded before import = 0
Number of asset objects unloaded after import = 9
========================================================================
Received Import Request.
  Time since last request: 0.000028 seconds.
  path: Assets/Hub Assets/conveyor-long-stripe-sides.fbx
  artifactKey: Guid(b9f7652fe5c719c4285e54741544e120) Importer(815301076,1909f56bfc062723c751e8b465ee728b)
Start importing Assets/Hub Assets/conveyor-long-stripe-sides.fbx using Guid(b9f7652fe5c719c4285e54741544e120) Importer(815301076,1909f56bfc062723c751e8b465ee728b)  -> (artifact id: 'e1b113112471cb39bd56a3f96ed424b8') in 0.053616 seconds
Number of updated asset objects reloaded before import = 0
Number of asset objects unloaded after import = 16
========================================================================
Received Import Request.
  Time since last request: 0.000036 seconds.
  path: Assets/Hub Assets/conveyor-bars-high.fbx
  artifactKey: Guid(ce5850aa705771e43b04f56dc5120b8b) Importer(815301076,1909f56bfc062723c751e8b465ee728b)
Start importing Assets/Hub Assets/conveyor-bars-high.fbx using Guid(ce5850aa705771e43b04f56dc5120b8b) Importer(815301076,1909f56bfc062723c751e8b465ee728b)  -> (artifact id: '9be9006efa4aa29836b7c4b613645c5b') in 0.054361 seconds
Number of updated asset objects reloaded before import = 0
Number of asset objects unloaded after import = 16
========================================================================
Received Import Request.
  Time since last request: 0.000029 seconds.
  path: Assets/Hub Assets/cover-stripe-window.fbx
  artifactKey: Guid(cf525630dafec424da586e08e756d860) Importer(815301076,1909f56bfc062723c751e8b465ee728b)
Start importing Assets/Hub Assets/cover-stripe-window.fbx using Guid(cf525630dafec424da586e08e756d860) Importer(815301076,1909f56bfc062723c751e8b465ee728b)  -> (artifact id: '63ce77c43107809cf75904303b282a4d') in 0.035729 seconds
Number of updated asset objects reloaded before import = 0
Number of asset objects unloaded after import = 9
========================================================================
Received Import Request.
  Time since last request: 0.000034 seconds.
  path: Assets/Hub Assets/conveyor-bars-sides.fbx
  artifactKey: Guid(ec3bea97efb57f44da5520115e727b15) Importer(815301076,1909f56bfc062723c751e8b465ee728b)
Start importing Assets/Hub Assets/conveyor-bars-sides.fbx using Guid(ec3bea97efb57f44da5520115e727b15) Importer(815301076,1909f56bfc062723c751e8b465ee728b)  -> (artifact id: '1e5688e7358e277e9b7a0e769953b166') in 0.049745 seconds
Number of updated asset objects reloaded before import = 0
Number of asset objects unloaded after import = 16
========================================================================
Received Import Request.
  Time since last request: 0.000043 seconds.
  path: Assets/Hub Assets/cover-stripe.fbx
  artifactKey: Guid(1968f8371767d674e96c9810a15c565c) Importer(815301076,1909f56bfc062723c751e8b465ee728b)
Start importing Assets/Hub Assets/cover-stripe.fbx using Guid(1968f8371767d674e96c9810a15c565c) Importer(815301076,1909f56bfc062723c751e8b465ee728b)  -> (artifact id: '1a4cfb5ced873fe312bd0d40ecfdbbc9') in 0.040258 seconds
Number of updated asset objects reloaded before import = 0
Number of asset objects unloaded after import = 9
========================================================================
Received Prepare
Begin MonoManager ReloadAssembly
- Loaded All Assemblies, in  1.080 seconds
Refreshing native plugins compatible for Editor in 9.91 ms, found 3 plugins.
Native extension for WindowsStandalone target not found
Native extension for WebGL target not found
[Package Manager] Server::EnsureServerProcessIsRunning -- launch failed, reason: Unity was launched with the -noUpm command-line argument
[Package Manager] UpmClient::Send -- Unable to send message (not connected to UPM process).
[Package Manager] Cannot connect to Unity Package Manager local server
Mono: successfully reloaded assembly
- Finished resetting the current domain, in  2.677 seconds
Domain Reload Profiling: 3750ms
	BeginReloadAssembly (352ms)
		ExecutionOrderSort (0ms)
		DisableScriptedObjects (13ms)
		BackupInstance (0ms)
		ReleaseScriptingObjects (0ms)
		CreateAndSetChildDomain (66ms)
	RebuildCommonClasses (78ms)
	RebuildNativeTypeToScriptingClass (27ms)
	initialDomainReloadingComplete (80ms)
	LoadAllAssembliesAndSetupDomain (535ms)
		LoadAssemblies (696ms)
		RebuildTransferFunctionScriptingTraits (0ms)
		AnalyzeDomain (49ms)
			TypeCache.Refresh (18ms)
				TypeCache.ScanAssembly (1ms)
			ScanForSourceGeneratedMonoScriptInfo (17ms)
			ResolveRequiredComponents (11ms)
	FinalizeReload (2678ms)
		ReleaseScriptCaches (0ms)
		RebuildScriptCaches (0ms)
		SetupLoadedEditorAssemblies (1159ms)
			LogAssemblyErrors (0ms)
			InitializePlatformSupportModulesInManaged (24ms)
			SetLoadedEditorAssemblies (16ms)
			RefreshPlugins (0ms)
			BeforeProcessingInitializeOnLoad (190ms)
			ProcessInitializeOnLoadAttributes (849ms)
			ProcessInitializeOnLoadMethodAttributes (59ms)
			AfterProcessingInitializeOnLoad (22ms)
			EditorAssembliesLoaded (0ms)
		ExecutionOrderSort2 (0ms)
		AwakeInstancesAfterBackupRestoration (25ms)
Refreshing native plugins compatible for Editor in 5.65 ms, found 3 plugins.
Preloading 0 native plugins for Editor in 0.00 ms.
Unloading 3085 Unused Serialized files (Serialized files now loaded: 0)
Unloading 23 unused Assets / (31.1 KB). Loaded Objects now: 3623.
Memory consumption went from 131.9 MB to 131.9 MB.
Total: 5.396700 ms (FindLiveObjects: 0.404300 ms CreateObjectMapping: 0.202100 ms MarkObjects: 4.699000 ms  DeleteObjects: 0.089400 ms)

Prepare: number of updated asset objects reloaded= 0
AssetImportParameters requested are different than current active one (requested -> active):
  custom:container-demuxer-ogg: 62fdf1f143b41e24485cea50d1cbac27 -> 
  custom:video-codec-MediaFoundation-h265: 746d11721c4dcdbdad8f713fa42b33f4 -> 
  custom:video-decoder-ogg-theora: a1e56fd34408186e4bbccfd4996cb3dc -> 
  custom:framework-win-MediaFoundation: 216162199b28c13a410421893ffa2e32 -> 
  custom:CustomObjectIndexerAttribute: 6d391050e5a25f67b0a2c618074f2cd9 -> 
  custom:container-demuxer-webm: 4f35f7cbe854078d1ac9338744f61a02 -> 
  custom:container-muxer-webm: aa71ff27fc2769a1b78a27578f13a17b -> 
  custom:video-decoder-webm-vp8: 9c59270c3fd7afecdb556c50c9e8de78 -> 
  custom:SearchIndexIgnoredProperties: e643bd26f0fe6173181afceb89e7c659 -> 
  custom:AudioImporter_EditorPlatform: d09bf68614088b80899f8185d706f6e7 -> 
  custom:video-encoder-webm-vp8: eb34c28f22e8b96e1ab97ce403110664 -> 
  custom:audio-decoder-ogg-vorbis: bf7c407c2cedff20999df2af8eb42d56 -> 
  custom:audio-encoder-webm-vorbis: bf7c407c2cedff20999df2af8eb42d56 -> 
========================================================================
Received Prepare
Begin MonoManager ReloadAssembly
- Loaded All Assemblies, in  0.668 seconds
Refreshing native plugins compatible for Editor in 4.18 ms, found 3 plugins.
Native extension for WindowsStandalone target not found
Native extension for WebGL target not found
[Package Manager] Server::EnsureServerProcessIsRunning -- launch failed, reason: Unity was launched with the -noUpm command-line argument
[Package Manager] UpmClient::Send -- Unable to send message (not connected to UPM process).
[Package Manager] Cannot connect to Unity Package Manager local server
Mono: successfully reloaded assembly
- Finished resetting the current domain, in  1.610 seconds
Domain Reload Profiling: 2276ms
	BeginReloadAssembly (292ms)
		ExecutionOrderSort (0ms)
		DisableScriptedObjects (11ms)
		BackupInstance (0ms)
		ReleaseScriptingObjects (0ms)
		CreateAndSetChildDomain (57ms)
	RebuildCommonClasses (40ms)
	RebuildNativeTypeToScriptingClass (14ms)
	initialDomainReloadingComplete (34ms)
	LoadAllAssembliesAndSetupDomain (285ms)
		LoadAssemblies (439ms)
		RebuildTransferFunctionScriptingTraits (0ms)
		AnalyzeDomain (19ms)
			TypeCache.Refresh (9ms)
				TypeCache.ScanAssembly (0ms)
			ScanForSourceGeneratedMonoScriptInfo (0ms)
			ResolveRequiredComponents (8ms)
	FinalizeReload (1611ms)
		ReleaseScriptCaches (0ms)
		RebuildScriptCaches (0ms)
		SetupLoadedEditorAssemblies (819ms)
			LogAssemblyErrors (0ms)
			InitializePlatformSupportModulesInManaged (15ms)
			SetLoadedEditorAssemblies (10ms)
			RefreshPlugins (0ms)
			BeforeProcessingInitializeOnLoad (125ms)
			ProcessInitializeOnLoadAttributes (618ms)
			ProcessInitializeOnLoadMethodAttributes (40ms)
			AfterProcessingInitializeOnLoad (12ms)
			EditorAssembliesLoaded (0ms)
		ExecutionOrderSort2 (0ms)
		AwakeInstancesAfterBackupRestoration (16ms)
Refreshing native plugins compatible for Editor in 5.48 ms, found 3 plugins.
Preloading 0 native plugins for Editor in 0.00 ms.
Unloading 3086 Unused Serialized files (Serialized files now loaded: 0)
Unloading 23 unused Assets / (31.1 KB). Loaded Objects now: 3626.
Memory consumption went from 134.1 MB to 134.1 MB.
Total: 6.242500 ms (FindLiveObjects: 0.534900 ms CreateObjectMapping: 0.179500 ms MarkObjects: 5.422200 ms  DeleteObjects: 0.103500 ms)

Prepare: number of updated asset objects reloaded= 0
AssetImportParameters requested are different than current active one (requested -> active):
  custom:container-demuxer-ogg: 62fdf1f143b41e24485cea50d1cbac27 -> 
  custom:video-codec-MediaFoundation-h265: 746d11721c4dcdbdad8f713fa42b33f4 -> 
  custom:video-decoder-ogg-theora: a1e56fd34408186e4bbccfd4996cb3dc -> 
  custom:framework-win-MediaFoundation: 216162199b28c13a410421893ffa2e32 -> 
  custom:CustomObjectIndexerAttribute: 6d391050e5a25f67b0a2c618074f2cd9 -> 
  custom:container-demuxer-webm: 4f35f7cbe854078d1ac9338744f61a02 -> 
  custom:container-muxer-webm: aa71ff27fc2769a1b78a27578f13a17b -> 
  custom:video-decoder-webm-vp8: 9c59270c3fd7afecdb556c50c9e8de78 -> 
  custom:SearchIndexIgnoredProperties: e643bd26f0fe6173181afceb89e7c659 -> 
  custom:AudioImporter_EditorPlatform: d09bf68614088b80899f8185d706f6e7 -> 
  custom:video-encoder-webm-vp8: eb34c28f22e8b96e1ab97ce403110664 -> 
  custom:audio-decoder-ogg-vorbis: bf7c407c2cedff20999df2af8eb42d56 -> 
  custom:audio-encoder-webm-vorbis: bf7c407c2cedff20999df2af8eb42d56 -> 
========================================================================
Received Prepare
Begin MonoManager ReloadAssembly
- Loaded All Assemblies, in  0.707 seconds
Refreshing native plugins compatible for Editor in 5.67 ms, found 3 plugins.
Native extension for WindowsStandalone target not found
Native extension for WebGL target not found
[Package Manager] Server::EnsureServerProcessIsRunning -- launch failed, reason: Unity was launched with the -noUpm command-line argument
[Package Manager] UpmClient::Send -- Unable to send message (not connected to UPM process).
[Package Manager] Cannot connect to Unity Package Manager local server
Mono: successfully reloaded assembly
- Finished resetting the current domain, in  1.719 seconds
Domain Reload Profiling: 2424ms
	BeginReloadAssembly (256ms)
		ExecutionOrderSort (0ms)
		DisableScriptedObjects (8ms)
		BackupInstance (0ms)
		ReleaseScriptingObjects (0ms)
		CreateAndSetChildDomain (51ms)
	RebuildCommonClasses (56ms)
	RebuildNativeTypeToScriptingClass (26ms)
	initialDomainReloadingComplete (50ms)
	LoadAllAssembliesAndSetupDomain (316ms)
		LoadAssemblies (438ms)
		RebuildTransferFunctionScriptingTraits (0ms)
		AnalyzeDomain (19ms)
			TypeCache.Refresh (9ms)
				TypeCache.ScanAssembly (0ms)
			ScanForSourceGeneratedMonoScriptInfo (0ms)
			ResolveRequiredComponents (7ms)
	FinalizeReload (1720ms)
		ReleaseScriptCaches (0ms)
		RebuildScriptCaches (0ms)
		SetupLoadedEditorAssemblies (841ms)
			LogAssemblyErrors (0ms)
			InitializePlatformSupportModulesInManaged (14ms)
			SetLoadedEditorAssemblies (9ms)
			RefreshPlugins (0ms)
			BeforeProcessingInitializeOnLoad (121ms)
			ProcessInitializeOnLoadAttributes (644ms)
			ProcessInitializeOnLoadMethodAttributes (42ms)
			AfterProcessingInitializeOnLoad (11ms)
			EditorAssembliesLoaded (0ms)
		ExecutionOrderSort2 (0ms)
		AwakeInstancesAfterBackupRestoration (14ms)
Refreshing native plugins compatible for Editor in 6.36 ms, found 3 plugins.
Preloading 0 native plugins for Editor in 0.00 ms.
Unloading 3086 Unused Serialized files (Serialized files now loaded: 0)
Unloading 23 unused Assets / (31.2 KB). Loaded Objects now: 3629.
Memory consumption went from 136.0 MB to 136.0 MB.
Total: 5.256800 ms (FindLiveObjects: 0.466400 ms CreateObjectMapping: 0.233000 ms MarkObjects: 4.449300 ms  DeleteObjects: 0.105400 ms)

Prepare: number of updated asset objects reloaded= 0
AssetImportParameters requested are different than current active one (requested -> active):
  custom:container-demuxer-ogg: 62fdf1f143b41e24485cea50d1cbac27 -> 
  custom:video-codec-MediaFoundation-h265: 746d11721c4dcdbdad8f713fa42b33f4 -> 
  custom:video-decoder-ogg-theora: a1e56fd34408186e4bbccfd4996cb3dc -> 
  custom:framework-win-MediaFoundation: 216162199b28c13a410421893ffa2e32 -> 
  custom:CustomObjectIndexerAttribute: 6d391050e5a25f67b0a2c618074f2cd9 -> 
  custom:container-demuxer-webm: 4f35f7cbe854078d1ac9338744f61a02 -> 
  custom:container-muxer-webm: aa71ff27fc2769a1b78a27578f13a17b -> 
  custom:video-decoder-webm-vp8: 9c59270c3fd7afecdb556c50c9e8de78 -> 
  custom:SearchIndexIgnoredProperties: e643bd26f0fe6173181afceb89e7c659 -> 
  custom:AudioImporter_EditorPlatform: d09bf68614088b80899f8185d706f6e7 -> 
  custom:video-encoder-webm-vp8: eb34c28f22e8b96e1ab97ce403110664 -> 
  custom:audio-decoder-ogg-vorbis: bf7c407c2cedff20999df2af8eb42d56 -> 
  custom:audio-encoder-webm-vorbis: bf7c407c2cedff20999df2af8eb42d56 -> 
